<?xml version="1.0" encoding="UTF-8"?>
<!-- Generated by org.testng.reporters.JUnitReportReporter -->
<testsuite hostname="WKWZTCG72X1q0Xh" failures="0" tests="2" name="APITests.CRUDE_DELETE" time="4.999" errors="0" timestamp="2025-07-28T19:33:55 IST" skipped="0">
  <testcase classname="APITests.CRUDE_DELETE" name="GetItem" time="3.835"/>
  <system-out/>
  <testcase classname="APITests.CRUDE_DELETE" name="DeleteWithInvalidID" time="1.164"/>
  <system-out/>
</testsuite> <!-- APITests.CRUDE_DELETE -->
