<?xml version="1.0" encoding="UTF-8"?>
<!-- Generated by org.testng.reporters.JUnitReportReporter -->
<testsuite hostname="WKWZTCG72X1q0Xh" failures="0" tests="2" name="APITests.CRUD_GET" time="1.165" errors="0" timestamp="2025-07-26T19:18:39 IST" skipped="1">
  <testcase classname="APITests.CRUD_GET" name="GetItem" time="1.165"/>
  <system-out/>
  <testcase classname="APITests.CRUD_GET" name="loginTest">
    <skipped/>
  </testcase> <!-- loginTest -->
  <system-out/>
</testsuite> <!-- APITests.CRUD_GET -->
