<?xml version="1.0" encoding="UTF-8"?>
<!-- Generated by org.testng.reporters.JUnitReportReporter -->
<testsuite hostname="WKWZTCG72X1q0Xh" failures="0" tests="2" name="File.DynamicJson" time="3.415" errors="0" timestamp="2024-04-04T16:02:22 IST" skipped="0">
  <testcase classname="File.DynamicJson" name="addBook" time="0.877"/>
  <testcase classname="File.DynamicJson" name="addBook" time="2.538"/>
</testsuite> <!-- File.DynamicJson -->
