<?xml version="1.0" encoding="UTF-8"?>
<!-- Generated by org.testng.reporters.JUnitReportReporter -->
<testsuite hostname="WKWZTCG72X1q0Xh" failures="0" tests="3" name="APITests.CRUDE_GET" time="2.184" errors="0" timestamp="2025-07-28T19:33:55 IST" skipped="1">
  <testcase classname="APITests.CRUDE_GET" name="GetItem" time="1.043"/>
  <system-out/>
  <testcase classname="APITests.CRUDE_GET" name="GetAllItems" time="1.141"/>
  <system-out/>
  <testcase classname="APITests.CRUDE_GET" name="loginTest">
    <skipped/>
  </testcase> <!-- loginTest -->
  <system-out/>
</testsuite> <!-- APITests.CRUDE_GET -->
