<?xml version="1.0" encoding="UTF-8"?>
<!-- Generated by org.testng.reporters.JUnitReportReporter -->
<testsuite hostname="WKWZTCG72X1q0Xh" failures="0" tests="1" name="APITests.CRUD_POST" time="3.975" errors="0" timestamp="2025-07-26T19:18:39 IST" skipped="0">
  <testcase classname="APITests.CRUD_POST" name="CreateItems" time="3.975"/>
  <system-out/>
</testsuite> <!-- APITests.CRUD_POST -->
