<?xml version="1.0" encoding="UTF-8"?>
<!-- Generated by org.testng.reporters.JUnitReportReporter -->
<testsuite hostname="WKWZTCG72X1q0Xh" failures="0" tests="2" name="APITests.CRUDE_UPDATE" time="2.350" errors="0" timestamp="2025-07-28T19:33:55 IST" skipped="0">
  <testcase classname="APITests.CRUDE_UPDATE" name="UpdateItem" time="1.211"/>
  <system-out/>
  <testcase classname="APITests.CRUDE_UPDATE" name="UpdateWithInvalidID" time="1.139"/>
  <system-out/>
</testsuite> <!-- APITests.CRUDE_UPDATE -->
