<?xml version="1.0" encoding="UTF-8"?>
<!-- Generated by org.testng.reporters.JUnitReportReporter -->
<testsuite hostname="WKWZTCG72X1q0Xh" failures="0" tests="2" name="APITests.CRUDE_POST" time="5.568" errors="0" timestamp="2025-07-28T19:33:55 IST" skipped="0">
  <testcase classname="APITests.CRUDE_POST" name="CreateItems" time="4.322"/>
  <system-out/>
  <testcase classname="APITests.CRUDE_POST" name="CreateItemWithInvalidPayload" time="1.246"/>
  <system-out/>
</testsuite> <!-- APITests.CRUDE_POST -->
